\BOOKMARK [0][-]{section*.1}{\376\377\000D\000e\000c\000l\000a\000r\000a\000c\000i\000\363\000n\000\040\000d\000e\000\040\000A\000u\000t\000o\000r\000\355\000a}{}% 1
\BOOKMARK [0][-]{section*.2}{\376\377\000R\000e\000s\000u\000m\000e\000n}{}% 2
\BOOKMARK [0][-]{section*.3}{\376\377\000A\000g\000r\000a\000d\000e\000c\000i\000m\000i\000e\000n\000t\000o\000s}{}% 3
\BOOKMARK [0][-]{chapter.15}{\376\377\000I\000n\000t\000r\000o\000d\000u\000c\000c\000i\000o\000n}{}% 4
\BOOKMARK [1][-]{section.16}{\376\377\000I\000n\000t\000r\000o\000d\000u\000c\000c\000i\000\363\000n}{chapter.15}% 5
\BOOKMARK [1][-]{section.17}{\376\377\000P\000l\000a\000n\000t\000e\000a\000m\000i\000e\000n\000t\000o\000\040\000d\000e\000l\000\040\000p\000r\000o\000b\000l\000e\000m\000a}{chapter.15}% 6
\BOOKMARK [1][-]{section.18}{\376\377\000O\000b\000j\000e\000t\000i\000v\000o\000\040\000d\000e\000\040\000l\000a\000\040\000t\000e\000s\000i\000s}{chapter.15}% 7
\BOOKMARK [1][-]{section.24}{\376\377\000D\000e\000l\000i\000m\000i\000t\000a\000c\000i\000\363\000n\000\040\000d\000e\000l\000\040\000t\000e\000m\000a}{chapter.15}% 8
\BOOKMARK [1][-]{section.25}{\376\377\000O\000r\000g\000a\000n\000i\000z\000a\000c\000i\000\363\000n\000\040\000d\000e\000\040\000l\000a\000\040\000t\000e\000s\000i\000s}{chapter.15}% 9
\BOOKMARK [0][-]{chapter.26}{\376\377\000E\000s\000t\000a\000d\000o\000\040\000d\000e\000l\000\040\000a\000r\000t\000e}{}% 10
\BOOKMARK [1][-]{section.27}{\376\377\000A\000n\000t\000e\000c\000e\000d\000e\000n\000t\000e\000s}{chapter.26}% 11
\BOOKMARK [1][-]{section.28}{\376\377\000C\000a\000s\000c\000a\000d\000a\000s\000\040\000A\000t\000m\000o\000s\000f\000\351\000r\000i\000c\000a\000s}{chapter.26}% 12
\BOOKMARK [2][-]{subsection.31}{\376\377\000P\000r\000o\000p\000i\000e\000d\000a\000d\000e\000s\000\040\000d\000e\000\040\000l\000a\000s\000\040\000c\000a\000s\000c\000a\000d\000a\000s\000\040\000a\000t\000m\000o\000s\000f\000\351\000r\000i\000c\000a\000s}{section.28}% 13
\BOOKMARK [2][-]{subsection.32}{\376\377\000M\000\351\000t\000o\000d\000o\000s\000\040\000d\000e\000\040\000d\000e\000t\000e\000c\000c\000i\000\363\000n}{section.28}% 14
\BOOKMARK [1][-]{section.34}{\376\377\000A\000n\000\341\000l\000i\000s\000i\000s\000\040\000d\000e\000\040\000l\000a\000s\000\040\000c\000a\000s\000c\000a\000d\000a\000s\000\040\000a\000t\000m\000o\000s\000f\000\351\000r\000i\000c\000a\000s}{chapter.26}% 15
\BOOKMARK [1][-]{section.36}{\376\377\000S\000i\000m\000u\000l\000a\000c\000i\000o\000n\000e\000s}{chapter.26}% 16
\BOOKMARK [2][-]{subsection.37}{\376\377\000E\000s\000t\000r\000a\000t\000e\000g\000i\000a\000\040\000p\000a\000r\000a\000\040\000s\000i\000m\000u\000l\000a\000c\000i\000o\000n\000e\000s\000\040\000d\000e\000\040\000E\000A\000S}{section.36}% 17
\BOOKMARK [2][-]{subsection.39}{\376\377\000P\000r\000o\000b\000l\000e\000m\000\341\000t\000i\000c\000a\000\040\000d\000e\000\040\000l\000a\000s\000\040\000s\000i\000m\000u\000l\000a\000c\000i\000o\000n\000e\000s}{section.36}% 18
\BOOKMARK [1][-]{section.40}{\376\377\000M\000o\000d\000e\000l\000o\000s\000\040\000g\000e\000n\000e\000r\000a\000t\000i\000v\000o\000s}{chapter.26}% 19
\BOOKMARK [2][-]{subsection.41}{\376\377\000A\000p\000l\000i\000c\000a\000c\000i\000\363\000n\000\040\000d\000e\000\040\000m\000o\000d\000e\000l\000o\000s\000\040\000g\000e\000n\000e\000r\000a\000t\000i\000v\000o\000s}{section.40}% 20
\BOOKMARK [0][-]{chapter.42}{\376\377\000M\000o\000d\000e\000l\000o\000s\000\040\000g\000e\000n\000e\000r\000a\000t\000i\000v\000o\000s}{}% 21
\BOOKMARK [1][-]{section.43}{\376\377\000I\000n\000t\000r\000o\000d\000u\000c\000c\000i\000\363\000n}{chapter.42}% 22
\BOOKMARK [2][-]{subsection.44}{\376\377\000F\000u\000n\000d\000a\000m\000e\000n\000t\000o\000\040\000t\000e\000\363\000r\000i\000c\000o}{section.43}% 23
\BOOKMARK [1][-]{section.45}{\376\377\000L\000\355\000n\000e\000a\000s\000\040\000d\000e\000\040\000i\000n\000v\000e\000s\000t\000i\000g\000a\000c\000i\000\363\000n}{chapter.42}% 24
\BOOKMARK [1][-]{section.46}{\376\377\000M\000o\000d\000e\000l\000o\000s\000\040\000g\000e\000n\000e\000r\000a\000t\000i\000v\000o\000s}{chapter.42}% 25
\BOOKMARK [2][-]{subsection.47}{\376\377\000C\000o\000n\000c\000e\000p\000t\000o\000s\000\040\000b\000\341\000s\000i\000c\000o\000s}{section.46}% 26
\BOOKMARK [2][-]{subsection.48}{\376\377\000M\000o\000d\000e\000l\000o\000s\000\040\000b\000a\000s\000a\000d\000o\000s\000\040\000e\000n\000\040\000l\000a\000\040\000v\000e\000r\000o\000s\000i\000m\000i\000l\000i\000t\000u\000d}{section.46}% 27
\BOOKMARK [2][-]{subsection.53}{\376\377\000M\000o\000d\000e\000l\000o\000s\000\040\000i\000m\000p\000l\000\355\000c\000i\000t\000o\000s}{section.46}% 28
\BOOKMARK [3][-]{section*.54}{\376\377\000G\000A\000N\000S}{subsection.53}% 29
\BOOKMARK [3][-]{section*.62}{\376\377\000W\000G\000A\000N}{subsection.53}% 30
\BOOKMARK [3][-]{section*.65}{\376\377\000C\000o\000n\000d\000i\000t\000i\000o\000n\000a\000l\000\040\000G\000A\000N}{subsection.53}% 31
\BOOKMARK [2][-]{subsection.67}{\376\377\000A\000p\000r\000e\000n\000d\000i\000z\000a\000j\000e\000\040\000d\000e\000\040\000r\000e\000p\000r\000e\000s\000e\000n\000t\000a\000c\000i\000\363\000n}{section.46}% 32
\BOOKMARK [0][-]{chapter.68}{\376\377\000M\000\351\000t\000o\000d\000o\000\040\000e\000x\000p\000e\000r\000i\000m\000e\000n\000t\000a\000l}{}% 33
\BOOKMARK [1][-]{section.69}{\376\377\000R\000e\000c\000o\000l\000e\000c\000c\000i\000\363\000n\000\040\000y\000\040\000m\000a\000n\000e\000j\000o\000\040\000d\000e\000\040\000d\000a\000t\000o\000s}{chapter.68}% 34
\BOOKMARK [1][-]{section.70}{\376\377\000A\000l\000g\000o\000r\000i\000t\000m\000o\000s}{chapter.68}% 35
\BOOKMARK [1][-]{section.72}{\376\377\000D\000e\000s\000a\000r\000r\000o\000l\000l\000o\000\040\000d\000e\000l\000\040\000m\000\351\000t\000o\000d\000o}{chapter.68}% 36
\BOOKMARK [2][-]{subsection.73}{\376\377\000M\000a\000p\000a\000\040\000d\000e\000l\000\040\000m\000\351\000t\000o\000d\000o\000\040\000e\000x\000p\000e\000r\000i\000m\000e\000n\000t\000a\000l}{section.72}% 37
\BOOKMARK [0][-]{chapter.74}{\376\377\000R\000e\000s\000u\000l\000t\000a\000d\000o\000s}{}% 38
\BOOKMARK [1][-]{section.75}{\376\377\000D\000s\000i\000c\000u\000s\000i\000o\000n\000\040\000d\000e\000\040\000r\000e\000s\000u\000l\000t\000a\000d\000o\000s\000\040\000o\000b\000t\000e\000n\000i\000d\000o\000s}{chapter.74}% 39
\BOOKMARK [0][-]{chapter.76}{\376\377\000C\000o\000n\000l\000u\000s\000i\000o\000n\000e\000s}{}% 40
\BOOKMARK [1][-]{section.77}{\376\377\000C\000o\000n\000c\000l\000u\000s\000i\000o\000n\000e\000s\000\040\000p\000u\000n\000t\000u\000a\000l\000e\000s\000\040\000o\000b\000t\000e\000n\000i\000d\000a\000s}{chapter.76}% 41
\BOOKMARK [1][-]{section.78}{\376\377\000A\000p\000l\000i\000c\000a\000c\000i\000o\000n\000\040\000y\000\040\000e\000x\000t\000e\000n\000s\000i\000o\000n\000\040\000g\000e\000n\000e\000r\000a\000d\000a\000s\000\040\000d\000e\000l\000\040\000t\000r\000a\000b\000a\000j\000o}{chapter.76}% 42
\BOOKMARK [1][-]{section.79}{\376\377\000T\000r\000a\000b\000a\000j\000o\000s\000\040\000f\000u\000t\000u\000r\000o\000s}{chapter.76}% 43
\BOOKMARK [0][-]{chapter.80}{\376\377\000L\000a\000T\000e\000x\000\040\000R\000e\000v\000i\000e\000w}{}% 44
\BOOKMARK [1][-]{section.81}{\376\377\000W\000e\000l\000c\000o\000m\000e\000\040\000a\000n\000d\000\040\000T\000h\000a\000n\000k\000\040\000Y\000o\000u}{chapter.80}% 45
\BOOKMARK [1][-]{section.82}{\376\377\000L\000e\000a\000r\000n\000i\000n\000g\000\040\000L\000a\000T\000e\000X}{chapter.80}% 46
\BOOKMARK [2][-]{subsection.188}{\376\377\000A\000\040\000\050\000n\000o\000t\000\040\000s\000o\000\040\000s\000h\000o\000r\000t\000\051\000\040\000I\000n\000t\000r\000o\000d\000u\000c\000t\000i\000o\000n\000\040\000t\000o\000\040\000L\000a\000T\000e\000X}{section.82}% 47
\BOOKMARK [2][-]{subsection.189}{\376\377\000A\000\040\000S\000h\000o\000r\000t\000\040\000M\000a\000t\000h\000\040\000G\000u\000i\000d\000e\000\040\000f\000o\000r\000\040\000L\000a\000T\000e\000X}{section.82}% 48
\BOOKMARK [2][-]{subsection.190}{\376\377\000C\000o\000m\000m\000o\000n\000\040\000L\000a\000T\000e\000X\000\040\000M\000a\000t\000h\000\040\000S\000y\000m\000b\000o\000l\000s}{section.82}% 49
\BOOKMARK [2][-]{subsection.191}{\376\377\000L\000a\000T\000e\000X\000\040\000o\000n\000\040\000a\000\040\000M\000a\000c}{section.82}% 50
\BOOKMARK [1][-]{section.192}{\376\377\000G\000e\000t\000t\000i\000n\000g\000\040\000S\000t\000a\000r\000t\000e\000d\000\040\000w\000i\000t\000h\000\040\000t\000h\000i\000s\000\040\000T\000e\000m\000p\000l\000a\000t\000e}{chapter.80}% 51
\BOOKMARK [2][-]{subsection.193}{\376\377\000A\000b\000o\000u\000t\000\040\000t\000h\000i\000s\000\040\000T\000e\000m\000p\000l\000a\000t\000e}{section.192}% 52
\BOOKMARK [1][-]{section.194}{\376\377\000W\000h\000a\000t\000\040\000t\000h\000i\000s\000\040\000T\000e\000m\000p\000l\000a\000t\000e\000\040\000I\000n\000c\000l\000u\000d\000e\000s}{chapter.80}% 53
\BOOKMARK [2][-]{subsection.195}{\376\377\000F\000o\000l\000d\000e\000r\000s}{section.194}% 54
\BOOKMARK [2][-]{subsection.196}{\376\377\000F\000i\000l\000e\000s}{section.194}% 55
\BOOKMARK [1][-]{section.197}{\376\377\000F\000i\000l\000l\000i\000n\000g\000\040\000i\000n\000\040\000Y\000o\000u\000r\000\040\000I\000n\000f\000o\000r\000m\000a\000t\000i\000o\000n\000\040\000i\000n\000\040\000t\000h\000e\000\040\000m\000a\000i\000n\000.\000t\000e\000x\000\040\000F\000i\000l\000e}{chapter.80}% 56
\BOOKMARK [1][-]{section.198}{\376\377\000T\000h\000e\000\040\000m\000a\000i\000n\000.\000t\000e\000x\000\040\000F\000i\000l\000e\000\040\000E\000x\000p\000l\000a\000i\000n\000e\000d}{chapter.80}% 57
\BOOKMARK [1][-]{section.199}{\376\377\000T\000h\000e\000s\000i\000s\000\040\000F\000e\000a\000t\000u\000r\000e\000s\000\040\000a\000n\000d\000\040\000C\000o\000n\000v\000e\000n\000t\000i\000o\000n\000s}{chapter.80}% 58
\BOOKMARK [2][-]{subsection.200}{\376\377\000P\000r\000i\000n\000t\000i\000n\000g\000\040\000F\000o\000r\000m\000a\000t}{section.199}% 59
\BOOKMARK [2][-]{subsection.201}{\376\377\000U\000s\000i\000n\000g\000\040\000U\000S\000\040\000L\000e\000t\000t\000e\000r\000\040\000P\000a\000p\000e\000r}{section.199}% 60
\BOOKMARK [2][-]{subsection.202}{\376\377\000R\000e\000f\000e\000r\000e\000n\000c\000e\000s}{section.199}% 61
\BOOKMARK [3][-]{section*.204}{\376\377\000A\000\040\000N\000o\000t\000e\000\040\000o\000n\000\040\000b\000i\000b\000t\000e\000x}{subsection.202}% 62
\BOOKMARK [2][-]{subsection.205}{\376\377\000T\000a\000b\000l\000e\000s}{section.199}% 63
\BOOKMARK [2][-]{subsection.207}{\376\377\000F\000i\000g\000u\000r\000e\000s}{section.199}% 64
\BOOKMARK [2][-]{subsection.209}{\376\377\000T\000y\000p\000e\000s\000e\000t\000t\000i\000n\000g\000\040\000m\000a\000t\000h\000e\000m\000a\000t\000i\000c\000s}{section.199}% 65
\BOOKMARK [1][-]{section.211}{\376\377\000S\000e\000c\000t\000i\000o\000n\000i\000n\000g\000\040\000a\000n\000d\000\040\000S\000u\000b\000s\000e\000c\000t\000i\000o\000n\000i\000n\000g}{chapter.80}% 66
\BOOKMARK [1][-]{section.212}{\376\377\000I\000n\000\040\000C\000l\000o\000s\000i\000n\000g}{chapter.80}% 67
\BOOKMARK [0][-]{appendix.213}{\376\377\000F\000r\000e\000q\000u\000e\000n\000t\000l\000y\000\040\000A\000s\000k\000e\000d\000\040\000Q\000u\000e\000s\000t\000i\000o\000n\000s}{}% 68
\BOOKMARK [1][-]{section.214}{\376\377\000H\000o\000w\000\040\000d\000o\000\040\000I\000\040\000c\000h\000a\000n\000g\000e\000\040\000t\000h\000e\000\040\000c\000o\000l\000o\000r\000s\000\040\000o\000f\000\040\000l\000i\000n\000k\000s\000?}{appendix.213}% 69
\BOOKMARK [0][-]{appendix*.215}{\376\377\000B\000i\000b\000l\000i\000o\000g\000r\000a\000f\000\355\000a}{}% 70
